c:\users\rnwhd\desktop\kmong\kmong\debug\vc120.pdb
c:\users\rnwhd\desktop\kmong\kmong\debug\vc120.idb
c:\users\rnwhd\desktop\kmong\kmong\debug\dongwoo.obj
c:\users\rnwhd\desktop\kmong\kmong\debug\passing.obj
c:\users\rnwhd\desktop\kmong\kmong\debug\vocabulary.obj
c:\users\rnwhd\desktop\kmong\kmong\debug\broomable.obj
c:\users\rnwhd\desktop\kmong\kmong\debug\sample.obj
c:\users\rnwhd\desktop\kmong\kmong\debug\broo_func.obj
c:\users\rnwhd\desktop\kmong\kmong\debug\console_func.obj
c:\users\rnwhd\desktop\kmong\kmong\debug\kmong.ilk
c:\users\rnwhd\desktop\kmong\kmong\debug\kmong.exe
c:\users\rnwhd\desktop\kmong\kmong\debug\kmong.pdb
c:\users\rnwhd\desktop\kmong\kmong\debug\21310928 전자공학과 김동우 중간발표자료.obj
c:\users\rnwhd\desktop\kmong\kmong\debug\btree.obj
c:\users\rnwhd\desktop\kmong\kmong\debug\bubble.obj
c:\users\rnwhd\desktop\kmong\kmong\debug\heap.obj
c:\users\rnwhd\desktop\kmong\kmong\debug\hufmancode.obj
c:\users\rnwhd\desktop\kmong\kmong\debug\insert.obj
c:\users\rnwhd\desktop\kmong\kmong\debug\main.obj
c:\users\rnwhd\desktop\kmong\kmong\debug\merge.obj
c:\users\rnwhd\desktop\kmong\kmong\debug\quick.obj
c:\users\rnwhd\desktop\kmong\kmong\debug\radix.obj
c:\users\rnwhd\desktop\kmong\kmong\debug\select.obj
c:\users\rnwhd\desktop\kmong\kmong\debug\kmong.tlog\cl.command.1.tlog
c:\users\rnwhd\desktop\kmong\kmong\debug\kmong.tlog\cl.read.1.tlog
c:\users\rnwhd\desktop\kmong\kmong\debug\kmong.tlog\cl.write.1.tlog
c:\users\rnwhd\desktop\kmong\kmong\debug\kmong.tlog\link.command.1.tlog
c:\users\rnwhd\desktop\kmong\kmong\debug\kmong.tlog\link.read.1.tlog
c:\users\rnwhd\desktop\kmong\kmong\debug\kmong.tlog\link.write.1.tlog
